<?xml version="1.0" encoding="UTF-8"?>
<testng-results skipped="0" failed="0" ignored="0" total="4" passed="4">
  <reporter-output>
  </reporter-output>
  <suite name="Regression TestSuite" duration-ms="107" started-at="2018-04-20T05:16:36Z" finished-at="2018-04-20T05:16:36Z">
    <groups>
    </groups>
    <test name="Application Test" duration-ms="107" started-at="2018-04-20T05:16:36Z" finished-at="2018-04-20T05:16:36Z">
      <class name="testclasses.TestNG_TestClass1">
        <test-method status="PASS" signature="setUp()[pri:0, instance:testclasses.TestNG_TestClass1@174d20a]" name="setUp" is-config="true" duration-ms="18" started-at="2018-04-19T22:16:36Z" finished-at="2018-04-19T22:16:36Z">
          <reporter-output>
          </reporter-output>
        </test-method> <!-- setUp -->
        <test-method status="PASS" signature="beforeMethod()[pri:0, instance:testclasses.TestNG_TestClass1@174d20a]" name="beforeMethod" is-config="true" duration-ms="1" started-at="2018-04-19T22:16:36Z" finished-at="2018-04-19T22:16:36Z">
          <reporter-output>
          </reporter-output>
        </test-method> <!-- beforeMethod -->
        <test-method status="PASS" signature="testMethod1()[pri:0, instance:testclasses.TestNG_TestClass1@174d20a]" name="testMethod1" duration-ms="9" started-at="2018-04-19T22:16:36Z" finished-at="2018-04-19T22:16:36Z">
          <reporter-output>
          </reporter-output>
        </test-method> <!-- testMethod1 -->
        <test-method status="PASS" signature="afterMethod()[pri:0, instance:testclasses.TestNG_TestClass1@174d20a]" name="afterMethod" is-config="true" duration-ms="0" started-at="2018-04-19T22:16:36Z" finished-at="2018-04-19T22:16:36Z">
          <reporter-output>
          </reporter-output>
        </test-method> <!-- afterMethod -->
        <test-method status="PASS" signature="testMethod2()[pri:0, instance:testclasses.TestNG_TestClass1@174d20a]" name="testMethod2" duration-ms="7" started-at="2018-04-19T22:16:36Z" finished-at="2018-04-19T22:16:36Z">
          <reporter-output>
          </reporter-output>
        </test-method> <!-- testMethod2 -->
        <test-method status="PASS" signature="beforeMethod()[pri:0, instance:testclasses.TestNG_TestClass1@174d20a]" name="beforeMethod" is-config="true" duration-ms="0" started-at="2018-04-19T22:16:36Z" finished-at="2018-04-19T22:16:36Z">
          <reporter-output>
          </reporter-output>
        </test-method> <!-- beforeMethod -->
        <test-method status="PASS" signature="afterMethod()[pri:0, instance:testclasses.TestNG_TestClass1@174d20a]" name="afterMethod" is-config="true" duration-ms="1" started-at="2018-04-19T22:16:36Z" finished-at="2018-04-19T22:16:36Z">
          <reporter-output>
          </reporter-output>
        </test-method> <!-- afterMethod -->
        <test-method status="PASS" signature="cleanUp()[pri:0, instance:testclasses.TestNG_TestClass1@174d20a]" name="cleanUp" is-config="true" duration-ms="0" started-at="2018-04-19T22:16:36Z" finished-at="2018-04-19T22:16:36Z">
          <reporter-output>
          </reporter-output>
        </test-method> <!-- cleanUp -->
      </class> <!-- testclasses.TestNG_TestClass1 -->
      <class name="testclasses.TestNG_TestClass2">
        <test-method status="PASS" signature="setUp()[pri:0, instance:testclasses.TestNG_TestClass2@66d2e7d9]" name="setUp" is-config="true" duration-ms="0" started-at="2018-04-19T22:16:36Z" finished-at="2018-04-19T22:16:36Z">
          <reporter-output>
          </reporter-output>
        </test-method> <!-- setUp -->
        <test-method status="PASS" signature="testMethod1()[pri:0, instance:testclasses.TestNG_TestClass2@66d2e7d9]" name="testMethod1" duration-ms="10" started-at="2018-04-19T22:16:36Z" finished-at="2018-04-19T22:16:36Z">
          <reporter-output>
          </reporter-output>
        </test-method> <!-- testMethod1 -->
        <test-method status="PASS" signature="beforeMethod()[pri:0, instance:testclasses.TestNG_TestClass2@66d2e7d9]" name="beforeMethod" is-config="true" duration-ms="0" started-at="2018-04-19T22:16:36Z" finished-at="2018-04-19T22:16:36Z">
          <reporter-output>
          </reporter-output>
        </test-method> <!-- beforeMethod -->
        <test-method status="PASS" signature="afterMethod()[pri:0, instance:testclasses.TestNG_TestClass2@66d2e7d9]" name="afterMethod" is-config="true" duration-ms="1" started-at="2018-04-19T22:16:36Z" finished-at="2018-04-19T22:16:36Z">
          <reporter-output>
          </reporter-output>
        </test-method> <!-- afterMethod -->
        <test-method status="PASS" signature="beforeMethod()[pri:0, instance:testclasses.TestNG_TestClass2@66d2e7d9]" name="beforeMethod" is-config="true" duration-ms="0" started-at="2018-04-19T22:16:36Z" finished-at="2018-04-19T22:16:36Z">
          <reporter-output>
          </reporter-output>
        </test-method> <!-- beforeMethod -->
        <test-method status="PASS" signature="testMethod2()[pri:0, instance:testclasses.TestNG_TestClass2@66d2e7d9]" name="testMethod2" duration-ms="1" started-at="2018-04-19T22:16:36Z" finished-at="2018-04-19T22:16:36Z">
          <reporter-output>
          </reporter-output>
        </test-method> <!-- testMethod2 -->
        <test-method status="PASS" signature="afterMethod()[pri:0, instance:testclasses.TestNG_TestClass2@66d2e7d9]" name="afterMethod" is-config="true" duration-ms="1" started-at="2018-04-19T22:16:36Z" finished-at="2018-04-19T22:16:36Z">
          <reporter-output>
          </reporter-output>
        </test-method> <!-- afterMethod -->
        <test-method status="PASS" signature="cleanUp()[pri:0, instance:testclasses.TestNG_TestClass2@66d2e7d9]" name="cleanUp" is-config="true" duration-ms="0" started-at="2018-04-19T22:16:36Z" finished-at="2018-04-19T22:16:36Z">
          <reporter-output>
          </reporter-output>
        </test-method> <!-- cleanUp -->
      </class> <!-- testclasses.TestNG_TestClass2 -->
    </test> <!-- Application Test -->
  </suite> <!-- Regression TestSuite -->
</testng-results>
