<?xml version="1.0" encoding="UTF-8"?>
<testng-results skipped="0" failed="0" ignored="2" total="6" passed="4">
  <reporter-output>
  </reporter-output>
  <suite name="Regression TestSuite" duration-ms="82" started-at="2018-04-24T03:20:39Z" finished-at="2018-04-24T03:20:39Z">
    <groups>
    </groups>
    <test name="Application Test" duration-ms="82" started-at="2018-04-24T03:20:39Z" finished-at="2018-04-24T03:20:39Z">
      <class name="testclasses.TestNG_TestClass1">
        <test-method status="PASS" signature="beforeSuite()[pri:0, instance:testclasses.TestNG_TestClass1@4de8b406]" name="beforeSuite" is-config="true" duration-ms="18" started-at="2018-04-23T20:20:39Z" finished-at="2018-04-23T20:20:39Z">
          <reporter-output>
          </reporter-output>
        </test-method> <!-- beforeSuite -->
        <test-method status="PASS" signature="setUp()[pri:0, instance:testclasses.TestNG_TestClass1@4de8b406]" name="setUp" is-config="true" duration-ms="0" started-at="2018-04-23T20:20:39Z" finished-at="2018-04-23T20:20:39Z">
          <reporter-output>
          </reporter-output>
        </test-method> <!-- setUp -->
        <test-method status="PASS" signature="beforeClass()[pri:0, instance:testclasses.TestNG_TestClass1@4de8b406]" name="beforeClass" is-config="true" duration-ms="0" started-at="2018-04-23T20:20:39Z" finished-at="2018-04-23T20:20:39Z">
          <reporter-output>
          </reporter-output>
        </test-method> <!-- beforeClass -->
        <test-method status="PASS" signature="testMethod1()[pri:0, instance:testclasses.TestNG_TestClass1@4de8b406]" name="testMethod1" duration-ms="8" started-at="2018-04-23T20:20:39Z" finished-at="2018-04-23T20:20:39Z">
          <reporter-output>
          </reporter-output>
        </test-method> <!-- testMethod1 -->
        <test-method status="PASS" signature="beforeMethod()[pri:0, instance:testclasses.TestNG_TestClass1@4de8b406]" name="beforeMethod" is-config="true" duration-ms="0" started-at="2018-04-23T20:20:39Z" finished-at="2018-04-23T20:20:39Z">
          <reporter-output>
          </reporter-output>
        </test-method> <!-- beforeMethod -->
        <test-method status="PASS" signature="afterMethod()[pri:0, instance:testclasses.TestNG_TestClass1@4de8b406]" name="afterMethod" is-config="true" duration-ms="1" started-at="2018-04-23T20:20:39Z" finished-at="2018-04-23T20:20:39Z">
          <reporter-output>
          </reporter-output>
        </test-method> <!-- afterMethod -->
        <test-method status="PASS" signature="beforeMethod()[pri:0, instance:testclasses.TestNG_TestClass1@4de8b406]" name="beforeMethod" is-config="true" duration-ms="1" started-at="2018-04-23T20:20:39Z" finished-at="2018-04-23T20:20:39Z">
          <reporter-output>
          </reporter-output>
        </test-method> <!-- beforeMethod -->
        <test-method status="PASS" signature="testMethod2()[pri:0, instance:testclasses.TestNG_TestClass1@4de8b406]" name="testMethod2" duration-ms="5" started-at="2018-04-23T20:20:39Z" finished-at="2018-04-23T20:20:39Z">
          <reporter-output>
          </reporter-output>
        </test-method> <!-- testMethod2 -->
        <test-method status="PASS" signature="afterMethod()[pri:0, instance:testclasses.TestNG_TestClass1@4de8b406]" name="afterMethod" is-config="true" duration-ms="0" started-at="2018-04-23T20:20:39Z" finished-at="2018-04-23T20:20:39Z">
          <reporter-output>
          </reporter-output>
        </test-method> <!-- afterMethod -->
        <test-method status="PASS" signature="cleanUp()[pri:0, instance:testclasses.TestNG_TestClass1@4de8b406]" name="cleanUp" is-config="true" duration-ms="1" started-at="2018-04-23T20:20:39Z" finished-at="2018-04-23T20:20:39Z">
          <reporter-output>
          </reporter-output>
        </test-method> <!-- cleanUp -->
        <test-method status="PASS" signature="afterClass()[pri:0, instance:testclasses.TestNG_TestClass1@4de8b406]" name="afterClass" is-config="true" duration-ms="1" started-at="2018-04-23T20:20:39Z" finished-at="2018-04-23T20:20:39Z">
          <reporter-output>
          </reporter-output>
        </test-method> <!-- afterClass -->
        <test-method status="PASS" signature="afterSuite()[pri:0, instance:testclasses.TestNG_TestClass1@4de8b406]" name="afterSuite" is-config="true" duration-ms="1" started-at="2018-04-23T20:20:39Z" finished-at="2018-04-23T20:20:39Z">
          <reporter-output>
          </reporter-output>
        </test-method> <!-- afterSuite -->
      </class> <!-- testclasses.TestNG_TestClass1 -->
      <class name="testclasses.TestNG_TestClass2">
        <test-method status="PASS" signature="beforeClass()[pri:0, instance:testclasses.TestNG_TestClass2@3c756e4d]" name="beforeClass" is-config="true" duration-ms="1" started-at="2018-04-23T20:20:39Z" finished-at="2018-04-23T20:20:39Z">
          <reporter-output>
          </reporter-output>
        </test-method> <!-- beforeClass -->
        <test-method status="PASS" signature="setUp()[pri:0, instance:testclasses.TestNG_TestClass2@3c756e4d]" name="setUp" is-config="true" duration-ms="0" started-at="2018-04-23T20:20:39Z" finished-at="2018-04-23T20:20:39Z">
          <reporter-output>
          </reporter-output>
        </test-method> <!-- setUp -->
        <test-method status="PASS" signature="beforeMethod()[pri:0, instance:testclasses.TestNG_TestClass2@3c756e4d]" name="beforeMethod" is-config="true" duration-ms="1" started-at="2018-04-23T20:20:39Z" finished-at="2018-04-23T20:20:39Z">
          <reporter-output>
          </reporter-output>
        </test-method> <!-- beforeMethod -->
        <test-method status="PASS" signature="testMethod1()[pri:0, instance:testclasses.TestNG_TestClass2@3c756e4d]" name="testMethod1" duration-ms="4" started-at="2018-04-23T20:20:39Z" finished-at="2018-04-23T20:20:39Z">
          <reporter-output>
          </reporter-output>
        </test-method> <!-- testMethod1 -->
        <test-method status="PASS" signature="afterMethod()[pri:0, instance:testclasses.TestNG_TestClass2@3c756e4d]" name="afterMethod" is-config="true" duration-ms="1" started-at="2018-04-23T20:20:39Z" finished-at="2018-04-23T20:20:39Z">
          <reporter-output>
          </reporter-output>
        </test-method> <!-- afterMethod -->
        <test-method status="PASS" signature="beforeMethod()[pri:0, instance:testclasses.TestNG_TestClass2@3c756e4d]" name="beforeMethod" is-config="true" duration-ms="1" started-at="2018-04-23T20:20:39Z" finished-at="2018-04-23T20:20:39Z">
          <reporter-output>
          </reporter-output>
        </test-method> <!-- beforeMethod -->
        <test-method status="PASS" signature="testMethod2()[pri:0, instance:testclasses.TestNG_TestClass2@3c756e4d]" name="testMethod2" duration-ms="4" started-at="2018-04-23T20:20:39Z" finished-at="2018-04-23T20:20:39Z">
          <reporter-output>
          </reporter-output>
        </test-method> <!-- testMethod2 -->
        <test-method status="PASS" signature="afterMethod()[pri:0, instance:testclasses.TestNG_TestClass2@3c756e4d]" name="afterMethod" is-config="true" duration-ms="1" started-at="2018-04-23T20:20:39Z" finished-at="2018-04-23T20:20:39Z">
          <reporter-output>
          </reporter-output>
        </test-method> <!-- afterMethod -->
        <test-method status="PASS" signature="cleanUp()[pri:0, instance:testclasses.TestNG_TestClass2@3c756e4d]" name="cleanUp" is-config="true" duration-ms="0" started-at="2018-04-23T20:20:39Z" finished-at="2018-04-23T20:20:39Z">
          <reporter-output>
          </reporter-output>
        </test-method> <!-- cleanUp -->
        <test-method status="PASS" signature="afterClass()[pri:0, instance:testclasses.TestNG_TestClass2@3c756e4d]" name="afterClass" is-config="true" duration-ms="1" started-at="2018-04-23T20:20:39Z" finished-at="2018-04-23T20:20:39Z">
          <reporter-output>
          </reporter-output>
        </test-method> <!-- afterClass -->
      </class> <!-- testclasses.TestNG_TestClass2 -->
    </test> <!-- Application Test -->
  </suite> <!-- Regression TestSuite -->
</testng-results>
