<?xml version="1.0" encoding="UTF-8"?>
<!-- Generated by org.testng.reporters.JUnitXMLReporter -->
<testsuite hostname="PRAKASHV-PC" ignored="0" name="Application Test" tests="4" failures="0" timestamp="20 Apr 2018 05:16:36 GMT" time="0.107" errors="0">
  <testcase name="testMethod1" time="0.009" classname="testclasses.TestNG_TestClass1"/>
  <testcase name="testMethod2" time="0.007" classname="testclasses.TestNG_TestClass1"/>
  <testcase name="testMethod1" time="0.01" classname="testclasses.TestNG_TestClass2"/>
  <testcase name="testMethod2" time="0.001" classname="testclasses.TestNG_TestClass2"/>
</testsuite> <!-- Application Test -->
