<?xml version="1.0" encoding="UTF-8"?>
<!-- Generated by org.testng.reporters.JUnitXMLReporter -->
<testsuite hostname="PRAKASHV-PC" ignored="2" name="Application Test" tests="4" failures="0" timestamp="24 Apr 2018 03:20:39 GMT" time="0.082" errors="0">
  <testcase name="testMethod1" time="0.008" classname="testclasses.TestNG_TestClass1"/>
  <testcase name="testMethod2" time="0.005" classname="testclasses.TestNG_TestClass1"/>
  <testcase name="testMethod1" time="0.004" classname="testclasses.TestNG_TestClass2"/>
  <testcase name="testMethod2" time="0.004" classname="testclasses.TestNG_TestClass2"/>
  <testcase name="@BeforeSuite beforeSuite" time="0.0" classname="base.BaseTestSuite">
    <ignored/>
  </testcase> <!-- @BeforeSuite beforeSuite -->
  <testcase name="@AfterSuite afterSuite" time="0.0" classname="base.BaseTestSuite">
    <ignored/>
  </testcase> <!-- @AfterSuite afterSuite -->
</testsuite> <!-- Application Test -->
