<?xml version="1.0" encoding="UTF-8"?>
<!-- Generated by org.testng.reporters.JUnitXMLReporter -->
<testsuite hostname="PRAKASHV-PC" ignored="2" name="GroupsDemo" tests="2" failures="0" timestamp="24 Apr 2018 20:03:46 GMT" time="0.072" errors="0">
  <testcase name="testAudiA6" time="0.008" classname="testclasses.TestNG_Grouping"/>
  <testcase name="testBMWX6" time="0.001" classname="testclasses.TestNG_Grouping"/>
  <testcase name="testNinja" time="0.0" classname="testclasses.TestNG_Grouping">
    <ignored/>
  </testcase> <!-- testNinja -->
  <testcase name="testHondaCBR" time="0.0" classname="testclasses.TestNG_Grouping">
    <ignored/>
  </testcase> <!-- testHondaCBR -->
</testsuite> <!-- GroupsDemo -->
