<?xml version="1.0" encoding="UTF-8"?>
<!-- Generated by org.testng.reporters.JUnitXMLReporter -->
<testsuite hostname="PRAKASHV-PC" ignored="0" name="Firefox Test" tests="1" failures="0" timestamp="26 Apr 2018 19:47:44 GMT" time="0.107" errors="0">
  <testcase name="@BeforeClass setUp" time="0.034" classname="testclasses.TestNG_SeleniumParametersParallelExample">
    <failure type="java.lang.NoClassDefFoundError" message="com/google/common/base/Function">
      <![CDATA[java.lang.NoClassDefFoundError: com/google/common/base/Function
	at testclasses.TestNG_SeleniumParametersParallelExample.setUp(TestNG_SeleniumParametersParallelExample.java:29)
	at java.util.concurrent.FutureTask.run(Unknown Source)
	at java.util.concurrent.ThreadPoolExecutor.runWorker(Unknown Source)
	at java.util.concurrent.ThreadPoolExecutor$Worker.run(Unknown Source)
	at java.lang.Thread.run(Unknown Source)
Caused by: java.lang.ClassNotFoundException: com.google.common.base.Function
	at java.net.URLClassLoader.findClass(Unknown Source)
	at java.lang.ClassLoader.loadClass(Unknown Source)
	at sun.misc.Launcher$AppClassLoader.loadClass(Unknown Source)
	at java.lang.ClassLoader.loadClass(Unknown Source)
	... 21 more
... Removed 16 stack frames]]>
    </failure>
  </testcase> <!-- @BeforeClass setUp -->
  <testcase name="@BeforeClass setUp" time="0.035" classname="testclasses.TestNG_SeleniumParametersParallelExample">
    <failure type="java.lang.NoClassDefFoundError" message="com/google/common/base/Function">
      <![CDATA[java.lang.NoClassDefFoundError: com/google/common/base/Function
	at testclasses.TestNG_SeleniumParametersParallelExample.setUp(TestNG_SeleniumParametersParallelExample.java:26)
	at java.util.concurrent.FutureTask.run(Unknown Source)
	at java.util.concurrent.ThreadPoolExecutor.runWorker(Unknown Source)
	at java.util.concurrent.ThreadPoolExecutor$Worker.run(Unknown Source)
	at java.lang.Thread.run(Unknown Source)
Caused by: java.lang.ClassNotFoundException: com.google.common.base.Function
	at java.net.URLClassLoader.findClass(Unknown Source)
	at java.lang.ClassLoader.loadClass(Unknown Source)
	at sun.misc.Launcher$AppClassLoader.loadClass(Unknown Source)
	at java.lang.ClassLoader.loadClass(Unknown Source)
	... 21 more
... Removed 16 stack frames]]>
    </failure>
  </testcase> <!-- @BeforeClass setUp -->
  <testcase name="@AfterClass cleanUp" time="0.0" classname="testclasses.TestNG_SeleniumParametersParallelExample">
    <skipped/>
  </testcase> <!-- @AfterClass cleanUp -->
  <testcase name="@AfterClass cleanUp" time="0.0" classname="testclasses.TestNG_SeleniumParametersParallelExample">
    <skipped/>
  </testcase> <!-- @AfterClass cleanUp -->
  <testcase name="testLogin" time="0.001" classname="testclasses.TestNG_SeleniumParametersParallelExample">
    <skipped/>
  </testcase> <!-- testLogin -->
</testsuite> <!-- Firefox Test -->
