<?xml version="1.0" encoding="UTF-8"?>
<!-- Generated by org.testng.reporters.JUnitXMLReporter -->
<testsuite hostname="PRAKASHV-PC" ignored="0" name="Test 1" tests="4" failures="0" timestamp="25 Apr 2018 05:17:43 GMT" time="0.092" errors="0">
  <testcase name="testMethod1" time="0.029" classname="testclasses.TestNG_Preserve2"/>
  <testcase name="testMethod2" time="0.003" classname="testclasses.TestNG_Preserve2"/>
  <testcase name="testMethod1" time="0.003" classname="testclasses.TestNG_Preserve1"/>
  <testcase name="testMethod2" time="0.002" classname="testclasses.TestNG_Preserve1"/>
</testsuite> <!-- Test 1 -->
